Arguments: 
  /usr/local/bin/node /usr/local/bin/yarn add for-own

PATH: 
  /Users/ljl/.rvm/gems/ruby-2.2.2/bin:/Users/ljl/.rvm/gems/ruby-2.2.2@global/bin:/Users/ljl/.rvm/rubies/ruby-2.2.2/bin:/usr/local/mysql/bin:/Users/ljl/go/bin:/Users/ljl/Library/Android/sdk/platform-tools:/Users/ljl/Library/Android/sdk/tools:/Users/ljl/bin/Sencha/Cmd/5.1.2.52:/Users/ljl/bin/flutter/bin:/Users/ljl/bin/electron-v2.0.3-mas-x64:./node_modules/.bin:/usr/local/bin:/usr/local/mysql/bin:/Users/ljl/Library/Android/sdk/platform-tools:/Users/ljl/Library/Android/sdk/tools:/Users/ljl/bin/Sencha/Cmd/5.1.2.52:/Users/ljl/Documents/Tools/arcanist/bin/:/usr/local/bin:/usr/bin:/bin:/usr/sbin:/sbin:/usr/local/go/bin:/Users/ljl/.rvm/bin:/Users/ljl/.rvm/bin

Yarn version: 
  1.12.3

Node version: 
  8.10.0

Platform: 
  darwin x64

Trace: 
  Error: ENOENT: no such file or directory, copyfile '/Users/ljl/Library/Caches/Yarn/v4/npm-ansi-regex-3.0.0-ed0317c322064f79466c02966bddb605ab37d998/node_modules/ansi-regex/index.js' -> '/Users/ljl/Documents/Development/ico/ethers/node_modules/eslint/node_modules/ansi-regex/index.js'

npm manifest: 
  {
    "name": "@spinlee/ethers",
    "version": "1.0.1",
    "description": "Ehters for flow chain",
    "main": "./index.js",
    "types": "./index.d.ts",
    "scripts": {
      "build": "npm run dist-version && tsc -p ./tsconfig.json",
      "auto-build": "npm run build -- -w",
      "dist": "npm run dist-version && npm run build && gulp default minified shims && npm run dist-types",
      "dist-test": "gulp default-test minified-test shims",
      "dist-bip39": "gulp bip39-es bip39-fr bip39-it bip39-ja bip39-ko bip39-zh",
      "dist-types": "dts-bundle --name ethers --main ./index.d.ts --out ./dist/ethers.types.txt",
      "dist-version": "node -e \"let v = require('./package.json').version; require('fs').writeFileSync('./src.ts/_version.ts', 'export const version = \\\"' + v +'\\\";\\n')\"",
      "eslint": "eslint index.js contracts/*.js providers/*.js utils/*.js wallet/*.js wordlists/*.js",
      "test": "if [ \"$RUN_PHANTOMJS\" = \"1\" ]; then npm run-script test-phantomjs; else npm run-script test-node; fi",
      "test-node": "npm run dist-test && mocha --no-colors --reporter tests/reporter tests/test-*.js",
      "test-phantomjs": "npm run dist-test && gulp tests && phantomjs --web-security=false ./node_modules/mocha-phantomjs-core/mocha-phantomjs-core.js ./tests/test.html ./tests/reporter.js",
      "version": "npm dist"
    },
    "dependencies": {
      "@types/node": "^10.3.2",
      "aes-js": "3.0.0",
      "bn.js": "^4.4.0",
      "elliptic": "6.3.3",
      "hash.js": "1.1.3",
      "js-sha3": "0.5.7",
      "scrypt-js": "2.0.4",
      "setimmediate": "1.0.4",
      "uuid": "2.0.1",
      "xmlhttprequest": "1.8.0"
    },
    "devDependencies": {
      "browserify": "^16.2.3",
      "browserify-zlib": "^0.2.0",
      "dts-bundle": "^0.7.3",
      "eslint": "^5.0.1",
      "eslint-plugin-promise": "^3.8.0",
      "ethereumjs-tx": "^1.3.5",
      "ethereumjs-util": "^5.2.0",
      "gulp": "^4.0.0",
      "gulp-cli": "^2.0.1",
      "gulp-sourcemaps": "^2.6.4",
      "gulp-typescript": "^5.0.0-alpha.1",
      "gulp-uglify": "^3.0.0",
      "mocha": "^5.2.0",
      "mocha-phantomjs-core": "2.1.2",
      "solc": "0.4.20",
      "tsify": "^4.0.0",
      "tslint": "^5.10.0",
      "typescript": "^2.9.1",
      "vinyl-buffer": "^1.0.1",
      "vinyl-source-stream": "^2.0.0",
      "web3-providers-http": "1.0.0-beta.35"
    },
    "browser": "./dist/ethers.min.js",
    "keywords": [
      "flow",
      "library",
      "wallet"
    ],
    "author": "Richard Moore <me@ricmoo.com>",
  
    "license": "MIT"
  }

yarn manifest: 
  No manifest

Lockfile: 
  No lockfile
